<?xml version="1.0" encoding="UTF-8"?>
<testsuite xmlns:xsi="http://www.w3.org/2001/XMLSchema-instance" xsi:noNamespaceSchemaLocation="https://maven.apache.org/surefire/maven-surefire-plugin/xsd/surefire-test-report.xsd" name="it.unipd.mtss.AppTest" time="0.237" tests="1" errors="0" skipped="0" failures="0">
  <properties>
    <property name="sun.desktop" value="windows"/>
    <property name="awt.toolkit" value="sun.awt.windows.WToolkit"/>
    <property name="file.encoding.pkg" value="sun.io"/>
    <property name="java.specification.version" value="1.8"/>
    <property name="sun.cpu.isalist" value="amd64"/>
    <property name="sun.jnu.encoding" value="Cp1252"/>
    <property name="java.class.path" value="C:\Users\cater\provafinale\target\test-classes;C:\Users\cater\provafinale\target\classes;C:\Users\cater\.m2\repository\junit\junit\4.12\junit-4.12.jar;C:\Users\cater\.m2\repository\org\hamcrest\hamcrest-core\1.3\hamcrest-core-1.3.jar;"/>
    <property name="java.vm.vendor" value="Temurin"/>
    <property name="sun.arch.data.model" value="64"/>
    <property name="user.variant" value=""/>
    <property name="java.vendor.url" value="https://adoptium.net/"/>
    <property name="user.timezone" value="Europe/Berlin"/>
    <property name="java.vm.specification.version" value="1.8"/>
    <property name="os.name" value="Windows 11"/>
    <property name="user.country" value="IT"/>
    <property name="sun.java.launcher" value="SUN_STANDARD"/>
    <property name="sun.boot.library.path" value="C:\Program Files\Eclipse Adoptium\jdk-8.0.412.8-hotspot\jre\bin"/>
    <property name="sun.java.command" value="C:\Users\cater\AppData\Local\Temp\surefire3988797249596587988\surefirebooter369574102208965828.jar C:\Users\cater\AppData\Local\Temp\surefire3988797249596587988 2024-05-17T14-26-17_516-jvmRun1 surefire4217957354998913290tmp surefire_06110215125842975000tmp"/>
    <property name="surefire.test.class.path" value="C:\Users\cater\provafinale\target\test-classes;C:\Users\cater\provafinale\target\classes;C:\Users\cater\.m2\repository\junit\junit\4.12\junit-4.12.jar;C:\Users\cater\.m2\repository\org\hamcrest\hamcrest-core\1.3\hamcrest-core-1.3.jar;"/>
    <property name="sun.cpu.endian" value="little"/>
    <property name="user.home" value="C:\Users\cater"/>
    <property name="user.language" value="it"/>
    <property name="java.specification.vendor" value="Oracle Corporation"/>
    <property name="java.home" value="C:\Program Files\Eclipse Adoptium\jdk-8.0.412.8-hotspot\jre"/>
    <property name="basedir" value="C:\Users\cater\provafinale"/>
    <property name="file.separator" value="\"/>
    <property name="line.separator" value="&#10;"/>
    <property name="java.vm.specification.vendor" value="Oracle Corporation"/>
    <property name="java.specification.name" value="Java Platform API Specification"/>
    <property name="java.awt.graphicsenv" value="sun.awt.Win32GraphicsEnvironment"/>
    <property name="surefire.real.class.path" value="C:\Users\cater\AppData\Local\Temp\surefire3988797249596587988\surefirebooter369574102208965828.jar;C:\\Users\\cater\\.m2\\repository\\org\\jacoco\\org.jacoco.agent\\0.8.8\\org.jacoco.agent-0.8.8-runtime.jar"/>
    <property name="sun.boot.class.path" value="C:\Program Files\Eclipse Adoptium\jdk-8.0.412.8-hotspot\jre\lib\resources.jar;C:\Program Files\Eclipse Adoptium\jdk-8.0.412.8-hotspot\jre\lib\rt.jar;C:\Program Files\Eclipse Adoptium\jdk-8.0.412.8-hotspot\jre\lib\sunrsasign.jar;C:\Program Files\Eclipse Adoptium\jdk-8.0.412.8-hotspot\jre\lib\jsse.jar;C:\Program Files\Eclipse Adoptium\jdk-8.0.412.8-hotspot\jre\lib\jce.jar;C:\Program Files\Eclipse Adoptium\jdk-8.0.412.8-hotspot\jre\lib\charsets.jar;C:\Program Files\Eclipse Adoptium\jdk-8.0.412.8-hotspot\jre\lib\jfr.jar;C:\Program Files\Eclipse Adoptium\jdk-8.0.412.8-hotspot\jre\classes"/>
    <property name="user.script" value=""/>
    <property name="sun.management.compiler" value="HotSpot 64-Bit Tiered Compilers"/>
    <property name="java.runtime.version" value="1.8.0_412-b08"/>
    <property name="user.name" value="cater"/>
    <property name="path.separator" value=";"/>
    <property name="os.version" value="10.0"/>
    <property name="java.endorsed.dirs" value="C:\Program Files\Eclipse Adoptium\jdk-8.0.412.8-hotspot\jre\lib\endorsed"/>
    <property name="java.runtime.name" value="OpenJDK Runtime Environment"/>
    <property name="file.encoding" value="Cp1252"/>
    <property name="java.vm.name" value="OpenJDK 64-Bit Server VM"/>
    <property name="localRepository" value="C:\Users\cater\.m2\repository"/>
    <property name="java.vendor.url.bug" value="https://github.com/adoptium/adoptium-support/issues"/>
    <property name="java.io.tmpdir" value="C:\Users\cater\AppData\Local\Temp\"/>
    <property name="java.version" value="1.8.0_412"/>
    <property name="user.dir" value="C:\Users\cater\provafinale"/>
    <property name="os.arch" value="amd64"/>
    <property name="java.vm.specification.name" value="Java Virtual Machine Specification"/>
    <property name="java.awt.printerjob" value="sun.awt.windows.WPrinterJob"/>
    <property name="sun.os.patch.level" value=""/>
    <property name="java.library.path" value="C:\Program Files\Eclipse Adoptium\jdk-8.0.412.8-hotspot\jre\bin;C:\WINDOWS\Sun\Java\bin;C:\WINDOWS\system32;C:\WINDOWS;C:\Program Files\Eclipse Adoptium\jdk-8.0.412.8-hotspot\bin;C:\Program Files (x86)\Common Files\Oracle\Java\java8path;C:\Program Files (x86)\Common Files\Oracle\Java\javapath;C:\WINDOWS\system32;C:\WINDOWS;C:\WINDOWS\System32\Wbem;C:\WINDOWS\System32\WindowsPowerShell\v1.0\;C:\WINDOWS\System32\OpenSSH\;C:\Users\annav\Desktop\bin;C:\Users\annav\Desktop\Nuova cartella (2)\bin;C:\Program Files\MATLAB\R2023b\bin;C:\Users\annav\Desktop\matlab\bin;C:\msys64\mingw64\bin;C:\msys64\usr\bin;C:\Program Files\Git\cmd;C:\Users\cater\Downloads\apache-maven-3.9.6-bin\apache-maven-3.9.6\bin;C:\Users\cater\AppData\Local\Microsoft\WindowsApps;C:\Users\cater\AppData\Local\Programs\Microsoft VS Code\bin;C:\msys64\mingw64\bin;C:\msys64\usr\bin;;."/>
    <property name="java.vm.info" value="mixed mode"/>
    <property name="java.vendor" value="Temurin"/>
    <property name="java.vm.version" value="25.412-b08"/>
    <property name="java.specification.maintenance.version" value="5"/>
    <property name="java.ext.dirs" value="C:\Program Files\Eclipse Adoptium\jdk-8.0.412.8-hotspot\jre\lib\ext;C:\WINDOWS\Sun\Java\lib\ext"/>
    <property name="sun.io.unicode.encoding" value="UnicodeLittle"/>
    <property name="java.class.version" value="52.0"/>
  </properties>
  <testcase name="shouldAnswerWithTrue" classname="it.unipd.mtss.AppTest" time="0.007"/>
</testsuite>